/******************/
M = 16206557367
/******************/
/******************/
M[0] = 5402185789
t[0] = 1
r[0] = 2
p[0] = 3
Inverse Decision Pass!
/******************/
0 + mul(above) = (10804371578)
10804371578
/******************/
M[1] = 2315222481
t[1] = 3
r[1] = 6
p[1] = 7
Inverse Decision Pass!
/******************/
10804371578 + mul(above) = (41674004658)
52478376236
/******************/
M[2] = 1473323397
t[2] = 8
r[2] = 5
p[2] = 11
Inverse Decision Pass!
/******************/
52478376236 + mul(above) = (58932935880)
111411312116
/******************/
M[3] = 1246658259
t[3] = 7
r[3] = 3
p[3] = 13
Inverse Decision Pass!
/******************/
111411312116 + mul(above) = (26179823439)
137591135555
/******************/
M[4] = 704632929
t[4] = 10
r[4] = 9
p[4] = 23
Inverse Decision Pass!
/******************/
137591135555 + mul(above) = (63416963610)
201008099165
/******************/
M[5] = 274687413
t[5] = 22
r[5] = 11
p[5] = 59
Inverse Decision Pass!
/******************/
201008099165 + mul(above) = (66474353946)
267482453111
/******************/
M[6] = 167077911
t[6] = 42
r[6] = 56
p[6] = 97
Inverse Decision Pass!
/******************/
267482453111 + mul(above) = (3392967246672)
960449699783
/******************/
M[7] = 395281887
t[7] = 30
r[7] = 40
p[7] = 41
/******************/
960449699783 + mul(above) = (874338264400)
1834787964183
3446981712